 
****************************************
Report : area
Design : Top
Version: Q-2019.12
Date   : Fri Jul 14 23:47:23 2023
****************************************

Library(s) Used:

    slow (File: /usr/cad/designkit/CBDK_IC_Contest_v2.1/SynopsysDC/db/slow.db)

Number of ports:                        18443
Number of nets:                         74422
Number of cells:                        50540
Number of combinational cells:          43116
Number of sequential cells:              5819
Number of macros/black boxes:               0
Number of buf/inv:                       6075
Number of references:                      20

Combinational area:             495567.816473
Buf/Inv area:                    30522.646350
Noncombinational area:          182677.577667
Macro/Black Box area:                0.000000
Net Interconnect area:      undefined  (No wire load specified)

Total cell area:                678245.394141
Total area:                 undefined
1
