 
****************************************
Report : area
Design : Top
Version: Q-2019.12
Date   : Mon Jun 19 23:25:56 2023
****************************************

Library(s) Used:

    slow (File: /usr/cad/designkit/CBDK_IC_Contest_v2.1/SynopsysDC/db/slow.db)

Number of ports:                        18512
Number of nets:                         75973
Number of cells:                        53218
Number of combinational cells:          46778
Number of sequential cells:              5969
Number of macros/black boxes:               0
Number of buf/inv:                       7553
Number of references:                      13

Combinational area:             531535.726149
Buf/Inv area:                    41396.190428
Noncombinational area:          191746.788353
Macro/Black Box area:                0.000000
Net Interconnect area:         8096007.074402

Total cell area:                723282.514502
Total area:                    8819289.588904
1
